<?xml version='1.0' encoding='UTF-8'?>
<testsuite hostname="knoldus-Inspiron-5558" name="com.amazon.downloadFilesFromS3" tests="1" errors="0" failures="1" skipped="0" time="74.83">
                     <properties>
[...]
</properties>
                     <testcase classname="com.amazon.downloadFilesFromS3" name="User should Login to Amazon S3 Console" time="74.83">
                                                 <failure message="Expected condition failed: waiting for visibility of element located by By.id: search-box-input (tried for 30 second(s) with 500 MILLISECONDS interval)" type="org.openqa.selenium.TimeoutException">org.openqa.selenium.TimeoutException: Expected condition failed: waiting for visibility of element located by By.id: search-box-input (tried for 30 second(s) with 500 MILLISECONDS interval)
	at org.openqa.selenium.support.ui.WebDriverWait.timeoutException(WebDriverWait.java:80)
	at org.openqa.selenium.support.ui.FluentWait.until(FluentWait.java:232)
	at com.amazon.TestSetup.loginOnAWSConsole(TestSetup.scala:33)
	at com.amazon.TestSetup.loginOnAWSConsole$(TestSetup.scala:29)
	at com.amazon.downloadFilesFromS3.loginOnAWSConsole(downloadFilesFromS3.scala:7)
	at com.amazon.downloadFilesFromS3.$anonfun$new$1(downloadFilesFromS3.scala:13)
	at scala.runtime.java8.JFunction0$mcV$sp.apply(JFunction0$mcV$sp.java:12)
	at org.scalatest.OutcomeOf.outcomeOf(OutcomeOf.scala:85)
	at org.scalatest.OutcomeOf.outcomeOf$(OutcomeOf.scala:83)
	at org.scalatest.OutcomeOf$.outcomeOf(OutcomeOf.scala:104)
	at org.scalatest.Transformer.apply(Transformer.scala:22)
	at org.scalatest.Transformer.apply(Transformer.scala:20)
	at org.scalatest.FlatSpecLike$$anon$1.apply(FlatSpecLike.scala:1682)
	at org.scalatest.TestSuite.withFixture(TestSuite.scala:196)
	at org.scalatest.TestSuite.withFixture$(TestSuite.scala:195)
	at org.scalatest.FlatSpec.withFixture(FlatSpec.scala:1685)
	at org.scalatest.FlatSpecLike.invokeWithFixture$1(FlatSpecLike.scala:1680)
	at org.scalatest.FlatSpecLike.$anonfun$runTest$1(FlatSpecLike.scala:1692)
	at org.scalatest.SuperEngine.runTestImpl(Engine.scala:289)
	at org.scalatest.FlatSpecLike.runTest(FlatSpecLike.scala:1692)
	at org.scalatest.FlatSpecLike.runTest$(FlatSpecLike.scala:1674)
	at org.scalatest.FlatSpec.runTest(FlatSpec.scala:1685)
	at org.scalatest.FlatSpecLike.$anonfun$runTests$1(FlatSpecLike.scala:1750)
	at org.scalatest.SuperEngine.$anonfun$runTestsInBranch$1(Engine.scala:396)
	at scala.collection.immutable.List.foreach(List.scala:389)
	at org.scalatest.SuperEngine.traverseSubNodes$1(Engine.scala:384)
	at org.scalatest.SuperEngine.runTestsInBranch(Engine.scala:373)
	at org.scalatest.SuperEngine.$anonfun$runTestsInBranch$1(Engine.scala:410)
	at scala.collection.immutable.List.foreach(List.scala:389)
	at org.scalatest.SuperEngine.traverseSubNodes$1(Engine.scala:384)
	at org.scalatest.SuperEngine.runTestsInBranch(Engine.scala:379)
	at org.scalatest.SuperEngine.runTestsImpl(Engine.scala:461)
	at org.scalatest.FlatSpecLike.runTests(FlatSpecLike.scala:1750)
	at org.scalatest.FlatSpecLike.runTests$(FlatSpecLike.scala:1749)
	at org.scalatest.FlatSpec.runTests(FlatSpec.scala:1685)
	at org.scalatest.Suite.run(Suite.scala:1147)
	at org.scalatest.Suite.run$(Suite.scala:1129)
	at org.scalatest.FlatSpec.org$scalatest$FlatSpecLike$$super$run(FlatSpec.scala:1685)
	at org.scalatest.FlatSpecLike.$anonfun$run$1(FlatSpecLike.scala:1795)
	at org.scalatest.SuperEngine.runImpl(Engine.scala:521)
	at org.scalatest.FlatSpecLike.run(FlatSpecLike.scala:1795)
	at org.scalatest.FlatSpecLike.run$(FlatSpecLike.scala:1793)
	at org.scalatest.FlatSpec.run(FlatSpec.scala:1685)
	at org.scalatest.tools.Framework.org$scalatest$tools$Framework$$runSuite(Framework.scala:314)
	at org.scalatest.tools.Framework$ScalaTestTask.execute(Framework.scala:507)
	at sbt.TestRunner.runTest$1(TestFramework.scala:76)
	at sbt.TestRunner.run(TestFramework.scala:85)
	at sbt.TestFramework$$anon$2$$anonfun$$init$$1$$anonfun$apply$8.apply(TestFramework.scala:202)
	at sbt.TestFramework$$anon$2$$anonfun$$init$$1$$anonfun$apply$8.apply(TestFramework.scala:202)
	at sbt.TestFramework$.sbt$TestFramework$$withContextLoader(TestFramework.scala:185)
	at sbt.TestFramework$$anon$2$$anonfun$$init$$1.apply(TestFramework.scala:202)
	at sbt.TestFramework$$anon$2$$anonfun$$init$$1.apply(TestFramework.scala:202)
	at sbt.TestFunction.apply(TestFramework.scala:207)
	at sbt.Tests$$anonfun$9.apply(Tests.scala:216)
	at sbt.Tests$$anonfun$9.apply(Tests.scala:216)
	at sbt.std.Transform$$anon$3$$anonfun$apply$2.apply(System.scala:44)
	at sbt.std.Transform$$anon$3$$anonfun$apply$2.apply(System.scala:44)
	at sbt.std.Transform$$anon$4.work(System.scala:63)
	at sbt.Execute$$anonfun$submit$1$$anonfun$apply$1.apply(Execute.scala:228)
	at sbt.Execute$$anonfun$submit$1$$anonfun$apply$1.apply(Execute.scala:228)
	at sbt.ErrorHandling$.wideConvert(ErrorHandling.scala:17)
	at sbt.Execute.work(Execute.scala:237)
	at sbt.Execute$$anonfun$submit$1.apply(Execute.scala:228)
	at sbt.Execute$$anonfun$submit$1.apply(Execute.scala:228)
	at sbt.ConcurrentRestrictions$$anon$4$$anonfun$1.apply(ConcurrentRestrictions.scala:159)
	at sbt.CompletionService$$anon$2.call(CompletionService.scala:28)
	at java.util.concurrent.FutureTask.run(FutureTask.java:266)
	at java.util.concurrent.Executors$RunnableAdapter.call(Executors.java:511)
	at java.util.concurrent.FutureTask.run(FutureTask.java:266)
	at java.util.concurrent.ThreadPoolExecutor.runWorker(ThreadPoolExecutor.java:1142)
	at java.util.concurrent.ThreadPoolExecutor$Worker.run(ThreadPoolExecutor.java:617)
	at java.lang.Thread.run(Thread.java:745)
Caused by: org.openqa.selenium.NoSuchElementException: Cannot locate an element using By.id: search-box-input
For documentation on this error, please visit: http://seleniumhq.org/exceptions/no_such_element.html
Build info: version: '3.4.0', revision: 'unknown', time: 'unknown'
System info: host: 'knoldus-Inspiron-5558', ip: '127.0.1.1', os.name: 'Linux', os.arch: 'amd64', os.version: '4.8.0-52-generic', java.version: '1.8.0_121'
Driver info: driver.version: unknown
	at org.openqa.selenium.support.ui.ExpectedConditions.lambda$findElement$0(ExpectedConditions.java:883)
	at java.util.Optional.orElseThrow(Optional.java:290)
	at org.openqa.selenium.support.ui.ExpectedConditions.findElement(ExpectedConditions.java:882)
	at org.openqa.selenium.support.ui.ExpectedConditions.access$000(ExpectedConditions.java:44)
	at org.openqa.selenium.support.ui.ExpectedConditions$7.apply(ExpectedConditions.java:206)
	at org.openqa.selenium.support.ui.ExpectedConditions$7.apply(ExpectedConditions.java:202)
	at org.openqa.selenium.support.ui.FluentWait.until(FluentWait.java:209)
	... 70 more
</failure>
                                               </testcase>
                     <system-out></system-out>
                     <system-err></system-err>
                   </testsuite>